[22-Dec-2016 17:23:31 UTC] PHP Warning:  require_once(models/ArticlesModel.php): failed to open stream: No such file or directory in /home/ubuntu/workspace/blog/api/controllers/Articles.php on line 2
[22-Dec-2016 17:23:31 UTC] PHP Stack trace:
[22-Dec-2016 17:23:31 UTC] PHP   1. {main}() /home/ubuntu/workspace/blog/api/controllers/Articles.php:0
[22-Dec-2016 17:23:31 UTC] PHP Fatal error:  require_once(): Failed opening required 'models/ArticlesModel.php' (include_path='.:/usr/share/php:/usr/share/pear') in /home/ubuntu/workspace/blog/api/controllers/Articles.php on line 2
[22-Dec-2016 17:23:31 UTC] PHP Stack trace:
[22-Dec-2016 17:23:31 UTC] PHP   1. {main}() /home/ubuntu/workspace/blog/api/controllers/Articles.php:0
[22-Dec-2016 17:23:41 UTC] PHP Warning:  require(models/ArticlesModel.php): failed to open stream: No such file or directory in /home/ubuntu/workspace/blog/api/controllers/Articles.php on line 2
[22-Dec-2016 17:23:41 UTC] PHP Stack trace:
[22-Dec-2016 17:23:41 UTC] PHP   1. {main}() /home/ubuntu/workspace/blog/api/controllers/Articles.php:0
[22-Dec-2016 17:23:41 UTC] PHP Fatal error:  require(): Failed opening required 'models/ArticlesModel.php' (include_path='.:/usr/share/php:/usr/share/pear') in /home/ubuntu/workspace/blog/api/controllers/Articles.php on line 2
[22-Dec-2016 17:23:41 UTC] PHP Stack trace:
[22-Dec-2016 17:23:41 UTC] PHP   1. {main}() /home/ubuntu/workspace/blog/api/controllers/Articles.php:0
[22-Dec-2016 17:47:32 UTC] PHP Parse error:  syntax error, unexpected 'new' (T_NEW) in /home/ubuntu/workspace/blog/api/controllers/Articles.php on line 6
[22-Dec-2016 17:48:15 UTC] PHP Parse error:  syntax error, unexpected 'new' (T_NEW) in /home/ubuntu/workspace/blog/api/controllers/Articles.php on line 6
[22-Dec-2016 17:51:10 UTC] PHP Warning:  require(models/ArticlesModel.php): failed to open stream: No such file or directory in /home/ubuntu/workspace/blog/api/controllers/Articles.php on line 2
[22-Dec-2016 17:51:10 UTC] PHP Stack trace:
[22-Dec-2016 17:51:10 UTC] PHP   1. {main}() /home/ubuntu/workspace/blog/api/controllers/Articles.php:0
[22-Dec-2016 17:51:10 UTC] PHP Fatal error:  require(): Failed opening required 'models/ArticlesModel.php' (include_path='.:/usr/share/php:/usr/share/pear') in /home/ubuntu/workspace/blog/api/controllers/Articles.php on line 2
[22-Dec-2016 17:51:10 UTC] PHP Stack trace:
[22-Dec-2016 17:51:10 UTC] PHP   1. {main}() /home/ubuntu/workspace/blog/api/controllers/Articles.php:0
[22-Dec-2016 17:51:18 UTC] PHP Parse error:  syntax error, unexpected '{', expecting '(' in /home/ubuntu/workspace/blog/api/models/ArticlesModel.php on line 20
[22-Dec-2016 17:51:18 UTC] PHP Stack trace:
[22-Dec-2016 17:51:18 UTC] PHP   1. {main}() /home/ubuntu/workspace/blog/api/controllers/Articles.php:0
[22-Dec-2016 18:11:15 UTC] PHP Warning:  require(models/ArticlesModel.php): failed to open stream: No such file or directory in /home/ubuntu/workspace/blog/api/controllers/Articles.php on line 2
[22-Dec-2016 18:11:15 UTC] PHP Stack trace:
[22-Dec-2016 18:11:15 UTC] PHP   1. {main}() /home/ubuntu/workspace/blog/api/controllers/Articles.php:0
[22-Dec-2016 18:11:15 UTC] PHP Fatal error:  require(): Failed opening required 'models/ArticlesModel.php' (include_path='.:/usr/share/php:/usr/share/pear') in /home/ubuntu/workspace/blog/api/controllers/Articles.php on line 2
[22-Dec-2016 18:11:15 UTC] PHP Stack trace:
[22-Dec-2016 18:11:15 UTC] PHP   1. {main}() /home/ubuntu/workspace/blog/api/controllers/Articles.php:0
